{
  "RSpec": {
    "coverage": {
      "/home/anton/Desktop/RoRateBeer/app/helpers/application_helper.rb": [
        1,
        null
      ],
      "/home/anton/Desktop/RoRateBeer/app/helpers/beer_clubs_helper.rb": [
        1,
        null
      ],
      "/home/anton/Desktop/RoRateBeer/app/helpers/beers_helper.rb": [
        1,
        null
      ],
      "/home/anton/Desktop/RoRateBeer/app/helpers/breweries_helper.rb": [
        1,
        null
      ],
      "/home/anton/Desktop/RoRateBeer/app/helpers/users_helper.rb": [
        1,
        null
      ],
      "/home/anton/Desktop/RoRateBeer/app/models/brewery.rb": [
        1,
        1,
        null,
        null,
        1,
        1,
        21,
        null,
        1,
        1,
        null
      ],
      "/home/anton/Desktop/RoRateBeer/app/models/application_record.rb": [
        1,
        1,
        null
      ],
      "/home/anton/Desktop/RoRateBeer/app/models/concerns/rating_average.rb": [
        1,
        1,
        null,
        1,
        12,
        21,
        12,
        null,
        null
      ],
      "/home/anton/Desktop/RoRateBeer/app/models/beer.rb": [
        1,
        1,
        null,
        null,
        1,
        1,
        null,
        1,
        1,
        1,
        null,
        1,
        2,
        null,
        null,
        1,
        0,
        null,
        null,
        null,
        1,
        null,
        0,
        0,
        null,
        0,
        null,
        null,
        1,
        null,
        0,
        0,
        0,
        null,
        null,
        1,
        0,
        0,
        null,
        null
      ],
      "/home/anton/Desktop/RoRateBeer/app/models/user.rb": [
        1,
        1,
        null,
        null,
        1,
        null,
        1,
        1,
        null,
        null,
        null,
        null,
        null,
        1,
        1,
        null,
        1,
        1,
        null,
        1,
        0,
        0,
        0,
        0,
        null,
        null,
        null,
        1,
        0,
        null,
        null
      ],
      "/home/anton/Desktop/RoRateBeer/app/controllers/sessions_controller.rb": [
        1,
        1,
        null,
        null,
        null,
        null,
        1,
        5,
        null,
        5,
        5,
        5,
        null,
        0,
        null,
        null,
        null,
        1,
        null,
        0,
        0,
        null,
        null
      ],
      "/home/anton/Desktop/RoRateBeer/app/controllers/application_controller.rb": [
        1,
        null,
        null,
        null,
        1,
        null,
        null,
        1,
        65,
        60,
        null,
        null
      ],
      "/home/anton/Desktop/RoRateBeer/app/controllers/users_controller.rb": [
        1,
        1,
        null,
        null,
        null,
        1,
        0,
        null,
        null,
        null,
        null,
        1,
        null,
        null,
        null,
        1,
        0,
        null,
        null,
        null,
        1,
        null,
        null,
        null,
        null,
        1,
        0,
        null,
        0,
        0,
        0,
        0,
        null,
        0,
        0,
        null,
        null,
        null,
        null,
        null,
        null,
        1,
        0,
        0,
        0,
        0,
        0,
        null,
        0,
        0,
        null,
        null,
        null,
        null,
        null,
        null,
        1,
        0,
        0,
        0,
        0,
        0,
        0,
        null,
        null,
        null,
        1,
        null,
        1,
        11,
        null,
        null,
        null,
        1,
        0,
        null,
        null
      ],
      "/home/anton/Desktop/RoRateBeer/app/models/rating.rb": [
        1,
        1,
        1,
        null,
        1,
        null,
        null,
        1,
        null,
        null,
        null,
        null,
        26,
        null,
        null
      ],
      "/home/anton/Desktop/RoRateBeer/app/models/membership.rb": [
        1,
        1,
        1,
        null
      ],
      "/home/anton/Desktop/RoRateBeer/app/models/beer_club.rb": [
        1,
        1,
        1,
        null
      ],
      "/home/anton/Desktop/RoRateBeer/app/controllers/ratings_controller.rb": [
        1,
        1,
        1,
        1,
        null,
        null,
        1,
        1,
        null,
        1,
        null,
        null,
        1,
        null,
        null,
        null,
        null,
        1,
        null,
        null,
        null,
        null,
        null,
        1,
        null,
        null,
        null,
        null,
        null,
        null,
        1,
        1,
        null,
        0,
        0,
        null,
        null,
        null,
        1,
        null,
        2,
        null,
        2,
        2,
        null,
        null
      ],
      "/home/anton/Desktop/RoRateBeer/app/channels/application_cable/connection.rb": [
        0,
        0,
        0,
        0
      ],
      "/home/anton/Desktop/RoRateBeer/app/channels/application_cable/channel.rb": [
        0,
        0,
        0,
        0
      ],
      "/home/anton/Desktop/RoRateBeer/app/jobs/application_job.rb": [
        0,
        0
      ],
      "/home/anton/Desktop/RoRateBeer/app/mailers/application_mailer.rb": [
        0,
        0,
        0,
        0
      ],
      "/home/anton/Desktop/RoRateBeer/app/controllers/memberships_controller.rb": [
        0,
        null,
        null,
        null,
        0,
        0,
        0,
        0,
        null,
        0,
        0,
        0,
        null,
        0,
        0,
        null,
        null,
        0,
        0,
        0,
        0,
        0,
        0,
        0,
        0,
        null,
        0,
        0
      ],
      "/home/anton/Desktop/RoRateBeer/app/controllers/beers_controller.rb": [
        0,
        0,
        null,
        null,
        0,
        null,
        null,
        null,
        0,
        0,
        0,
        null,
        null,
        null,
        0,
        0,
        null,
        null,
        0,
        0,
        null,
        null,
        0,
        null,
        null,
        0,
        null,
        null,
        null,
        0,
        null,
        null,
        null,
        0,
        0,
        null,
        0,
        0,
        0,
        0,
        0,
        null,
        null,
        null,
        0,
        0,
        0,
        0,
        0,
        null,
        null,
        null,
        0,
        0,
        0,
        0,
        0,
        0,
        0,
        0,
        0,
        0,
        0,
        null,
        null,
        null,
        0,
        0,
        0,
        0,
        0,
        0,
        0,
        null,
        0,
        null,
        null,
        0,
        0,
        0,
        null,
        null,
        0,
        0,
        0,
        null,
        null,
        0,
        0,
        0,
        0,
        null,
        0
      ],
      "/home/anton/Desktop/RoRateBeer/app/controllers/beer_clubs_controller.rb": [
        0,
        0,
        null,
        null,
        null,
        0,
        0,
        0,
        null,
        null,
        null,
        0,
        null,
        0,
        null,
        null,
        0,
        0,
        0,
        null,
        null,
        0,
        0,
        null,
        null,
        null,
        0,
        0,
        null,
        0,
        0,
        0,
        0,
        0,
        0,
        0,
        0,
        0,
        0,
        null,
        null,
        null,
        0,
        0,
        0,
        0,
        0,
        0,
        0,
        0,
        0,
        0,
        0,
        null,
        null,
        null,
        0,
        0,
        0,
        0,
        0,
        0,
        0,
        null,
        0,
        null,
        0,
        0,
        0,
        null,
        null,
        0,
        0,
        0,
        0
      ],
      "/home/anton/Desktop/RoRateBeer/app/controllers/breweries_controller.rb": [
        0,
        0,
        0,
        null,
        null,
        null,
        0,
        0,
        null,
        null,
        0,
        0,
        null,
        null,
        null,
        0,
        null,
        0,
        0,
        0,
        null,
        null,
        0,
        0,
        0,
        null,
        null,
        0,
        0,
        null,
        null,
        null,
        0,
        0,
        null,
        0,
        0,
        0,
        0,
        0,
        0,
        0,
        0,
        0,
        0,
        null,
        null,
        null,
        0,
        0,
        0,
        0,
        0,
        0,
        0,
        0,
        0,
        0,
        0,
        null,
        null,
        null,
        0,
        0,
        0,
        0,
        0,
        0,
        0,
        null,
        0,
        null,
        null,
        0,
        0,
        0,
        null,
        null,
        0,
        0,
        0,
        null,
        null,
        0,
        0,
        0,
        null,
        0,
        0,
        0,
        0
      ]
    },
    "timestamp": 1538226406
  }
}
