{
  "RSpec": {
    "coverage": {
      "/home/amoroz/Desktop/RoRateBeer/app/helpers/application_helper.rb": [
        1,
        null
      ],
      "/home/amoroz/Desktop/RoRateBeer/app/helpers/beer_clubs_helper.rb": [
        1,
        null
      ],
      "/home/amoroz/Desktop/RoRateBeer/app/helpers/beers_helper.rb": [
        1,
        null
      ],
      "/home/amoroz/Desktop/RoRateBeer/app/helpers/breweries_helper.rb": [
        1,
        null
      ],
      "/home/amoroz/Desktop/RoRateBeer/app/helpers/users_helper.rb": [
        1,
        null
      ],
      "/home/amoroz/Desktop/RoRateBeer/app/models/beer.rb": [
        1,
        1,
        null,
        null,
        1,
        1,
        null,
        1,
        1,
        1,
        null,
        1,
        2,
        null,
        null,
        1,
        0,
        null,
        null,
        null,
        1,
        null,
        0,
        0,
        null,
        0,
        null,
        null,
        1,
        null,
        0,
        0,
        0,
        null,
        null,
        1,
        0,
        0,
        null,
        null
      ],
      "/home/amoroz/Desktop/RoRateBeer/app/models/application_record.rb": [
        1,
        1,
        null
      ],
      "/home/amoroz/Desktop/RoRateBeer/app/models/concerns/rating_average.rb": [
        1,
        1,
        null,
        1,
        14,
        23,
        14,
        null,
        null
      ],
      "/home/amoroz/Desktop/RoRateBeer/app/models/user.rb": [
        1,
        1,
        null,
        null,
        1,
        null,
        1,
        1,
        null,
        null,
        null,
        null,
        null,
        1,
        1,
        null,
        1,
        1,
        null,
        1,
        1,
        0,
        0,
        0,
        null,
        null,
        null,
        1,
        1,
        null,
        null
      ],
      "/home/amoroz/Desktop/RoRateBeer/app/models/brewery.rb": [
        1,
        1,
        null,
        null,
        1,
        1,
        32,
        null,
        1,
        1,
        null
      ],
      "/home/amoroz/Desktop/RoRateBeer/app/controllers/beers_controller.rb": [
        1,
        1,
        null,
        null,
        1,
        null,
        null,
        null,
        1,
        1,
        null,
        null,
        null,
        null,
        1,
        null,
        null,
        null,
        1,
        2,
        null,
        null,
        null,
        null,
        null,
        1,
        null,
        null,
        null,
        null,
        null,
        null,
        null,
        1,
        2,
        null,
        2,
        2,
        2,
        1,
        null,
        null,
        null,
        null,
        2,
        1,
        null,
        null,
        null,
        null,
        null,
        null,
        1,
        0,
        0,
        0,
        0,
        null,
        0,
        0,
        null,
        null,
        null,
        null,
        null,
        null,
        1,
        0,
        0,
        0,
        0,
        null,
        null,
        null,
        1,
        null,
        null,
        1,
        0,
        null,
        null,
        null,
        1,
        2,
        null,
        null,
        null,
        1,
        4,
        4,
        null,
        null,
        null
      ],
      "/home/amoroz/Desktop/RoRateBeer/app/controllers/application_controller.rb": [
        1,
        null,
        null,
        null,
        1,
        null,
        null,
        1,
        84,
        64,
        null,
        null
      ],
      "/home/amoroz/Desktop/RoRateBeer/app/controllers/breweries_controller.rb": [
        1,
        1,
        1,
        null,
        null,
        null,
        1,
        3,
        null,
        null,
        3,
        null,
        null,
        null,
        null,
        1,
        null,
        1,
        1,
        null,
        null,
        null,
        1,
        0,
        null,
        null,
        null,
        1,
        null,
        null,
        null,
        null,
        1,
        0,
        null,
        0,
        0,
        0,
        0,
        null,
        0,
        0,
        null,
        null,
        null,
        null,
        null,
        null,
        1,
        0,
        0,
        0,
        0,
        null,
        0,
        0,
        null,
        null,
        null,
        null,
        null,
        null,
        1,
        0,
        0,
        0,
        0,
        null,
        null,
        null,
        1,
        null,
        null,
        1,
        1,
        null,
        null,
        null,
        1,
        0,
        null,
        null,
        null,
        1,
        0,
        0,
        null,
        0,
        null,
        null,
        null
      ],
      "/home/amoroz/Desktop/RoRateBeer/app/models/rating.rb": [
        1,
        1,
        1,
        null,
        1,
        null,
        null,
        1,
        null,
        null,
        null,
        null,
        26,
        null,
        null
      ],
      "/home/amoroz/Desktop/RoRateBeer/app/controllers/sessions_controller.rb": [
        1,
        1,
        null,
        null,
        null,
        null,
        1,
        8,
        null,
        8,
        6,
        6,
        null,
        2,
        null,
        null,
        null,
        1,
        null,
        0,
        0,
        null,
        null
      ],
      "/home/amoroz/Desktop/RoRateBeer/app/controllers/users_controller.rb": [
        1,
        1,
        null,
        null,
        null,
        1,
        0,
        null,
        null,
        null,
        null,
        1,
        null,
        null,
        null,
        1,
        1,
        null,
        null,
        null,
        1,
        null,
        null,
        null,
        null,
        1,
        1,
        null,
        1,
        1,
        2,
        1,
        null,
        0,
        0,
        null,
        null,
        null,
        null,
        null,
        null,
        1,
        0,
        0,
        0,
        0,
        0,
        null,
        0,
        0,
        null,
        null,
        null,
        null,
        null,
        null,
        1,
        0,
        0,
        0,
        0,
        0,
        0,
        null,
        null,
        null,
        1,
        null,
        1,
        13,
        null,
        null,
        null,
        1,
        1,
        null,
        null
      ],
      "/home/amoroz/Desktop/RoRateBeer/app/models/membership.rb": [
        1,
        1,
        1,
        null
      ],
      "/home/amoroz/Desktop/RoRateBeer/app/models/beer_club.rb": [
        1,
        1,
        1,
        null
      ],
      "/home/amoroz/Desktop/RoRateBeer/app/controllers/ratings_controller.rb": [
        1,
        1,
        1,
        1,
        null,
        null,
        1,
        1,
        null,
        1,
        null,
        null,
        1,
        null,
        null,
        null,
        null,
        1,
        null,
        null,
        null,
        null,
        null,
        1,
        null,
        null,
        null,
        null,
        null,
        null,
        1,
        1,
        null,
        0,
        0,
        null,
        null,
        null,
        1,
        null,
        2,
        null,
        2,
        2,
        null,
        null
      ],
      "/home/amoroz/Desktop/RoRateBeer/app/channels/application_cable/connection.rb": [
        0,
        0,
        0,
        0
      ],
      "/home/amoroz/Desktop/RoRateBeer/app/channels/application_cable/channel.rb": [
        0,
        0,
        0,
        0
      ],
      "/home/amoroz/Desktop/RoRateBeer/app/controllers/beer_clubs_controller.rb": [
        0,
        0,
        null,
        null,
        null,
        0,
        0,
        0,
        null,
        null,
        null,
        0,
        null,
        0,
        null,
        null,
        0,
        0,
        0,
        null,
        null,
        0,
        0,
        null,
        null,
        null,
        0,
        0,
        null,
        0,
        0,
        0,
        0,
        0,
        0,
        0,
        0,
        0,
        0,
        null,
        null,
        null,
        0,
        0,
        0,
        0,
        0,
        0,
        0,
        0,
        0,
        0,
        0,
        null,
        null,
        null,
        0,
        0,
        0,
        0,
        0,
        0,
        0,
        null,
        0,
        null,
        0,
        0,
        0,
        null,
        null,
        0,
        0,
        0,
        0
      ],
      "/home/amoroz/Desktop/RoRateBeer/app/controllers/memberships_controller.rb": [
        0,
        null,
        null,
        null,
        0,
        0,
        0,
        0,
        null,
        0,
        0,
        0,
        null,
        0,
        0,
        null,
        null,
        0,
        0,
        0,
        0,
        0,
        0,
        0,
        0,
        null,
        0,
        0
      ],
      "/home/amoroz/Desktop/RoRateBeer/app/jobs/application_job.rb": [
        0,
        0
      ],
      "/home/amoroz/Desktop/RoRateBeer/app/mailers/application_mailer.rb": [
        0,
        0,
        0,
        0
      ]
    },
    "timestamp": 1538152775
  }
}
